<?xml version="1.0" encoding="UTF-8"?>
<testng-results ignored="0" total="15" passed="15" failed="0" skipped="0">
  <reporter-output>
  </reporter-output>
  <suite started-at="2025-09-08T11:28:09 IST" name="All Test Suite" finished-at="2025-09-08T11:33:20 IST" duration-ms="311068">
    <groups>
    </groups>
    <test started-at="2025-09-08T11:28:09 IST" name="C:/Kishore/Web Automation/Sauce-Demo/SauceDemoAutomationPOM/src/test/java/TestCases" finished-at="2025-09-08T11:33:20 IST" duration-ms="311068">
      <class name="TestCases.TestSortingProductPage">
        <test-method is-config="true" signature="OpenABrowser()[pri:0, instance:TestCases.TestSortingProductPage@7a3793c7]" started-at="2025-09-08T11:30:38 IST" name="OpenABrowser" finished-at="2025-09-08T11:30:46 IST" duration-ms="7130" status="PASS">
          <reporter-output>
          </reporter-output>
        </test-method> <!-- OpenABrowser -->
        <test-method signature="verifyProductDisplayedInCorrectOrderPriceLowToHigh(java.lang.String,java.lang.String)[pri:0, instance:TestCases.TestSortingProductPage@7a3793c7]" started-at="2025-09-08T11:30:46 IST" name="verifyProductDisplayedInCorrectOrderPriceLowToHigh" data-provider="validCredentials" finished-at="2025-09-08T11:30:50 IST" duration-ms="4443" status="PASS">
          <params>
            <param index="0">
              <value>
                <![CDATA[standard_user]]>
              </value>
            </param>
            <param index="1">
              <value>
                <![CDATA[secret_sauce]]>
              </value>
            </param>
          </params>
          <reporter-output>
          </reporter-output>
        </test-method> <!-- verifyProductDisplayedInCorrectOrderPriceLowToHigh -->
        <test-method is-config="true" signature="ddScreenShotAfterTest()[pri:0, instance:TestCases.TestSortingProductPage@7a3793c7]" started-at="2025-09-08T11:30:50 IST" name="ddScreenShotAfterTest" finished-at="2025-09-08T11:30:50 IST" duration-ms="241" status="PASS">
          <reporter-output>
          </reporter-output>
        </test-method> <!-- ddScreenShotAfterTest -->
        <test-method is-config="true" signature="CloseBrowser()[pri:0, instance:TestCases.TestSortingProductPage@7a3793c7]" started-at="2025-09-08T11:30:50 IST" name="CloseBrowser" finished-at="2025-09-08T11:30:55 IST" duration-ms="4874" status="PASS">
          <reporter-output>
          </reporter-output>
        </test-method> <!-- CloseBrowser -->
        <test-method is-config="true" signature="OpenABrowser()[pri:0, instance:TestCases.TestSortingProductPage@7a3793c7]" started-at="2025-09-08T11:32:31 IST" name="OpenABrowser" finished-at="2025-09-08T11:32:38 IST" duration-ms="6842" status="PASS">
          <reporter-output>
          </reporter-output>
        </test-method> <!-- OpenABrowser -->
        <test-method signature="verifyProductDisplayedInCorrectOrderPriceHighToLow(java.lang.String,java.lang.String)[pri:1, instance:TestCases.TestSortingProductPage@7a3793c7]" started-at="2025-09-08T11:32:38 IST" name="verifyProductDisplayedInCorrectOrderPriceHighToLow" data-provider="validCredentials" finished-at="2025-09-08T11:32:42 IST" duration-ms="4349" status="PASS">
          <params>
            <param index="0">
              <value>
                <![CDATA[standard_user]]>
              </value>
            </param>
            <param index="1">
              <value>
                <![CDATA[secret_sauce]]>
              </value>
            </param>
          </params>
          <reporter-output>
          </reporter-output>
        </test-method> <!-- verifyProductDisplayedInCorrectOrderPriceHighToLow -->
        <test-method is-config="true" signature="ddScreenShotAfterTest()[pri:0, instance:TestCases.TestSortingProductPage@7a3793c7]" started-at="2025-09-08T11:32:42 IST" name="ddScreenShotAfterTest" finished-at="2025-09-08T11:32:42 IST" duration-ms="247" status="PASS">
          <reporter-output>
          </reporter-output>
        </test-method> <!-- ddScreenShotAfterTest -->
        <test-method is-config="true" signature="CloseBrowser()[pri:0, instance:TestCases.TestSortingProductPage@7a3793c7]" started-at="2025-09-08T11:32:42 IST" name="CloseBrowser" finished-at="2025-09-08T11:32:47 IST" duration-ms="4746" status="PASS">
          <reporter-output>
          </reporter-output>
        </test-method> <!-- CloseBrowser -->
        <test-method is-config="true" signature="OpenABrowser()[pri:0, instance:TestCases.TestSortingProductPage@7a3793c7]" started-at="2025-09-08T11:32:47 IST" name="OpenABrowser" finished-at="2025-09-08T11:32:54 IST" duration-ms="6920" status="PASS">
          <reporter-output>
          </reporter-output>
        </test-method> <!-- OpenABrowser -->
        <test-method signature="verifyProductDisplayedInCorrectOrderNameAToZ(java.lang.String,java.lang.String)[pri:2, instance:TestCases.TestSortingProductPage@7a3793c7]" started-at="2025-09-08T11:32:54 IST" name="verifyProductDisplayedInCorrectOrderNameAToZ" data-provider="validCredentials" finished-at="2025-09-08T11:32:59 IST" duration-ms="5160" status="PASS">
          <params>
            <param index="0">
              <value>
                <![CDATA[standard_user]]>
              </value>
            </param>
            <param index="1">
              <value>
                <![CDATA[secret_sauce]]>
              </value>
            </param>
          </params>
          <reporter-output>
          </reporter-output>
        </test-method> <!-- verifyProductDisplayedInCorrectOrderNameAToZ -->
        <test-method is-config="true" signature="ddScreenShotAfterTest()[pri:0, instance:TestCases.TestSortingProductPage@7a3793c7]" started-at="2025-09-08T11:32:59 IST" name="ddScreenShotAfterTest" finished-at="2025-09-08T11:33:00 IST" duration-ms="332" status="PASS">
          <reporter-output>
          </reporter-output>
        </test-method> <!-- ddScreenShotAfterTest -->
        <test-method is-config="true" signature="CloseBrowser()[pri:0, instance:TestCases.TestSortingProductPage@7a3793c7]" started-at="2025-09-08T11:33:00 IST" name="CloseBrowser" finished-at="2025-09-08T11:33:04 IST" duration-ms="4672" status="PASS">
          <reporter-output>
          </reporter-output>
        </test-method> <!-- CloseBrowser -->
        <test-method is-config="true" signature="OpenABrowser()[pri:0, instance:TestCases.TestSortingProductPage@7a3793c7]" started-at="2025-09-08T11:33:04 IST" name="OpenABrowser" finished-at="2025-09-08T11:33:11 IST" duration-ms="6331" status="PASS">
          <reporter-output>
          </reporter-output>
        </test-method> <!-- OpenABrowser -->
        <test-method signature="verifyProductDisplayedInCorrectOrderNameZToA(java.lang.String,java.lang.String)[pri:3, instance:TestCases.TestSortingProductPage@7a3793c7]" started-at="2025-09-08T11:33:11 IST" name="verifyProductDisplayedInCorrectOrderNameZToA" data-provider="validCredentials" finished-at="2025-09-08T11:33:14 IST" duration-ms="3169" status="PASS">
          <params>
            <param index="0">
              <value>
                <![CDATA[standard_user]]>
              </value>
            </param>
            <param index="1">
              <value>
                <![CDATA[secret_sauce]]>
              </value>
            </param>
          </params>
          <reporter-output>
          </reporter-output>
        </test-method> <!-- verifyProductDisplayedInCorrectOrderNameZToA -->
        <test-method is-config="true" signature="ddScreenShotAfterTest()[pri:0, instance:TestCases.TestSortingProductPage@7a3793c7]" started-at="2025-09-08T11:33:14 IST" name="ddScreenShotAfterTest" finished-at="2025-09-08T11:33:14 IST" duration-ms="433" status="PASS">
          <reporter-output>
          </reporter-output>
        </test-method> <!-- ddScreenShotAfterTest -->
        <test-method is-config="true" signature="CloseBrowser()[pri:0, instance:TestCases.TestSortingProductPage@7a3793c7]" started-at="2025-09-08T11:33:14 IST" name="CloseBrowser" finished-at="2025-09-08T11:33:20 IST" duration-ms="5379" status="PASS">
          <reporter-output>
          </reporter-output>
        </test-method> <!-- CloseBrowser -->
      </class> <!-- TestCases.TestSortingProductPage -->
      <class name="TestCases.TestAddToCartPage">
        <test-method is-config="true" signature="OpenABrowser()[pri:0, instance:TestCases.TestAddToCartPage@7de62196]" started-at="2025-09-08T11:28:09 IST" name="OpenABrowser" finished-at="2025-09-08T11:28:47 IST" duration-ms="37869" status="PASS">
          <reporter-output>
          </reporter-output>
        </test-method> <!-- OpenABrowser -->
        <test-method signature="TestProductVisibleOnCartBadge(java.lang.String,java.lang.String)[pri:0, instance:TestCases.TestAddToCartPage@7de62196]" started-at="2025-09-08T11:28:47 IST" name="TestProductVisibleOnCartBadge" data-provider="validCredentials" finished-at="2025-09-08T11:28:53 IST" duration-ms="5639" status="PASS">
          <params>
            <param index="0">
              <value>
                <![CDATA[standard_user]]>
              </value>
            </param>
            <param index="1">
              <value>
                <![CDATA[secret_sauce]]>
              </value>
            </param>
          </params>
          <reporter-output>
          </reporter-output>
        </test-method> <!-- TestProductVisibleOnCartBadge -->
        <test-method is-config="true" signature="AddScreenShotAfterTest()[pri:0, instance:TestCases.TestAddToCartPage@7de62196]" started-at="2025-09-08T11:28:53 IST" name="AddScreenShotAfterTest" finished-at="2025-09-08T11:28:53 IST" duration-ms="203" status="PASS">
          <reporter-output>
          </reporter-output>
        </test-method> <!-- AddScreenShotAfterTest -->
        <test-method is-config="true" signature="CloseBrowser()[pri:0, instance:TestCases.TestAddToCartPage@7de62196]" started-at="2025-09-08T11:28:53 IST" name="CloseBrowser" finished-at="2025-09-08T11:28:58 IST" duration-ms="4699" status="PASS">
          <reporter-output>
          </reporter-output>
        </test-method> <!-- CloseBrowser -->
        <test-method is-config="true" signature="OpenABrowser()[pri:0, instance:TestCases.TestAddToCartPage@7de62196]" started-at="2025-09-08T11:30:55 IST" name="OpenABrowser" finished-at="2025-09-08T11:31:02 IST" duration-ms="6734" status="PASS">
          <reporter-output>
          </reporter-output>
        </test-method> <!-- OpenABrowser -->
        <test-method signature="removeAndAddProductFromCartBadge(java.lang.String,java.lang.String)[pri:1, instance:TestCases.TestAddToCartPage@7de62196]" started-at="2025-09-08T11:31:02 IST" name="removeAndAddProductFromCartBadge" data-provider="validCredentials" finished-at="2025-09-08T11:31:38 IST" duration-ms="35640" status="PASS">
          <params>
            <param index="0">
              <value>
                <![CDATA[standard_user]]>
              </value>
            </param>
            <param index="1">
              <value>
                <![CDATA[secret_sauce]]>
              </value>
            </param>
          </params>
          <reporter-output>
          </reporter-output>
        </test-method> <!-- removeAndAddProductFromCartBadge -->
        <test-method is-config="true" signature="AddScreenShotAfterTest()[pri:0, instance:TestCases.TestAddToCartPage@7de62196]" started-at="2025-09-08T11:31:38 IST" name="AddScreenShotAfterTest" finished-at="2025-09-08T11:31:38 IST" duration-ms="58" status="PASS">
          <reporter-output>
          </reporter-output>
        </test-method> <!-- AddScreenShotAfterTest -->
        <test-method is-config="true" signature="CloseBrowser()[pri:0, instance:TestCases.TestAddToCartPage@7de62196]" started-at="2025-09-08T11:31:38 IST" name="CloseBrowser" finished-at="2025-09-08T11:31:42 IST" duration-ms="3861" status="PASS">
          <reporter-output>
          </reporter-output>
        </test-method> <!-- CloseBrowser -->
      </class> <!-- TestCases.TestAddToCartPage -->
      <class name="TestCases.TestLockedOutUserPage">
        <test-method is-config="true" signature="OpenABrowser()[pri:0, instance:TestCases.TestLockedOutUserPage@352ff4da]" started-at="2025-09-08T11:29:48 IST" name="OpenABrowser" finished-at="2025-09-08T11:29:55 IST" duration-ms="6900" status="PASS">
          <reporter-output>
          </reporter-output>
        </test-method> <!-- OpenABrowser -->
        <test-method signature="VerifyLockedOutUserInLogin(java.lang.String,java.lang.String)[pri:0, instance:TestCases.TestLockedOutUserPage@352ff4da]" started-at="2025-09-08T11:29:55 IST" name="VerifyLockedOutUserInLogin" data-provider="lockedOutUserCredentials" finished-at="2025-09-08T11:29:58 IST" duration-ms="3048" status="PASS">
          <params>
            <param index="0">
              <value>
                <![CDATA[locked_out_user]]>
              </value>
            </param>
            <param index="1">
              <value>
                <![CDATA[secret_sauce]]>
              </value>
            </param>
          </params>
          <reporter-output>
          </reporter-output>
        </test-method> <!-- VerifyLockedOutUserInLogin -->
        <test-method is-config="true" signature="ddScreenShotAfterTest()[pri:0, instance:TestCases.TestLockedOutUserPage@352ff4da]" started-at="2025-09-08T11:29:58 IST" name="ddScreenShotAfterTest" finished-at="2025-09-08T11:29:58 IST" duration-ms="307" status="PASS">
          <reporter-output>
          </reporter-output>
        </test-method> <!-- ddScreenShotAfterTest -->
        <test-method is-config="true" signature="CloseBrowser()[pri:0, instance:TestCases.TestLockedOutUserPage@352ff4da]" started-at="2025-09-08T11:29:58 IST" name="CloseBrowser" finished-at="2025-09-08T11:30:03 IST" duration-ms="5111" status="PASS">
          <reporter-output>
          </reporter-output>
        </test-method> <!-- CloseBrowser -->
      </class> <!-- TestCases.TestLockedOutUserPage -->
      <class name="TestCases.TestCartBadgeCountValidationPage">
        <test-method is-config="true" signature="OpenABrowser()[pri:0, instance:TestCases.TestCartBadgeCountValidationPage@495ee280]" started-at="2025-09-08T11:28:58 IST" name="OpenABrowser" finished-at="2025-09-08T11:29:04 IST" duration-ms="6874" status="PASS">
          <reporter-output>
          </reporter-output>
        </test-method> <!-- OpenABrowser -->
        <test-method signature="ValidateCartCountBadge(java.lang.String,java.lang.String)[pri:0, instance:TestCases.TestCartBadgeCountValidationPage@495ee280]" started-at="2025-09-08T11:29:04 IST" name="ValidateCartCountBadge" data-provider="validCredentials" finished-at="2025-09-08T11:29:10 IST" duration-ms="5156" status="PASS">
          <params>
            <param index="0">
              <value>
                <![CDATA[standard_user]]>
              </value>
            </param>
            <param index="1">
              <value>
                <![CDATA[secret_sauce]]>
              </value>
            </param>
          </params>
          <reporter-output>
          </reporter-output>
        </test-method> <!-- ValidateCartCountBadge -->
        <test-method is-config="true" signature="ddScreenShotAfterTest()[pri:0, instance:TestCases.TestCartBadgeCountValidationPage@495ee280]" started-at="2025-09-08T11:29:10 IST" name="ddScreenShotAfterTest" finished-at="2025-09-08T11:29:10 IST" duration-ms="370" status="PASS">
          <reporter-output>
          </reporter-output>
        </test-method> <!-- ddScreenShotAfterTest -->
        <test-method is-config="true" signature="CloseBrowser()[pri:0, instance:TestCases.TestCartBadgeCountValidationPage@495ee280]" started-at="2025-09-08T11:29:10 IST" name="CloseBrowser" finished-at="2025-09-08T11:29:15 IST" duration-ms="4436" status="PASS">
          <reporter-output>
          </reporter-output>
        </test-method> <!-- CloseBrowser -->
      </class> <!-- TestCases.TestCartBadgeCountValidationPage -->
      <class name="TestCases.TestCheckOutPage">
        <test-method is-config="true" signature="OpenABrowser()[pri:0, instance:TestCases.TestCheckOutPage@6ea2bc93]" started-at="2025-09-08T11:29:15 IST" name="OpenABrowser" finished-at="2025-09-08T11:29:22 IST" duration-ms="7331" status="PASS">
          <reporter-output>
          </reporter-output>
        </test-method> <!-- OpenABrowser -->
        <test-method signature="AutomateCheckOutAndVerify(java.lang.String,java.lang.String)[pri:0, instance:TestCases.TestCheckOutPage@6ea2bc93]" started-at="2025-09-08T11:29:22 IST" name="AutomateCheckOutAndVerify" data-provider="validCredentials" finished-at="2025-09-08T11:29:27 IST" duration-ms="5133" status="PASS">
          <params>
            <param index="0">
              <value>
                <![CDATA[standard_user]]>
              </value>
            </param>
            <param index="1">
              <value>
                <![CDATA[secret_sauce]]>
              </value>
            </param>
          </params>
          <reporter-output>
          </reporter-output>
        </test-method> <!-- AutomateCheckOutAndVerify -->
        <test-method is-config="true" signature="ddScreenShotAfterTest()[pri:0, instance:TestCases.TestCheckOutPage@6ea2bc93]" started-at="2025-09-08T11:29:27 IST" name="ddScreenShotAfterTest" finished-at="2025-09-08T11:29:27 IST" duration-ms="125" status="PASS">
          <reporter-output>
          </reporter-output>
        </test-method> <!-- ddScreenShotAfterTest -->
        <test-method is-config="true" signature="CloseBrowser()[pri:0, instance:TestCases.TestCheckOutPage@6ea2bc93]" started-at="2025-09-08T11:29:27 IST" name="CloseBrowser" finished-at="2025-09-08T11:29:32 IST" duration-ms="4554" status="PASS">
          <reporter-output>
          </reporter-output>
        </test-method> <!-- CloseBrowser -->
        <test-method is-config="true" signature="OpenABrowser()[pri:0, instance:TestCases.TestCheckOutPage@6ea2bc93]" started-at="2025-09-08T11:31:42 IST" name="OpenABrowser" finished-at="2025-09-08T11:31:49 IST" duration-ms="7702" status="PASS">
          <reporter-output>
          </reporter-output>
        </test-method> <!-- OpenABrowser -->
        <test-method signature="FinishOrderAndVerifyConfirmMassage(java.lang.String,java.lang.String)[pri:1, instance:TestCases.TestCheckOutPage@6ea2bc93]" started-at="2025-09-08T11:31:49 IST" name="FinishOrderAndVerifyConfirmMassage" data-provider="validCredentials" finished-at="2025-09-08T11:31:54 IST" duration-ms="5079" status="PASS">
          <params>
            <param index="0">
              <value>
                <![CDATA[standard_user]]>
              </value>
            </param>
            <param index="1">
              <value>
                <![CDATA[secret_sauce]]>
              </value>
            </param>
          </params>
          <reporter-output>
          </reporter-output>
        </test-method> <!-- FinishOrderAndVerifyConfirmMassage -->
        <test-method is-config="true" signature="ddScreenShotAfterTest()[pri:0, instance:TestCases.TestCheckOutPage@6ea2bc93]" started-at="2025-09-08T11:31:54 IST" name="ddScreenShotAfterTest" finished-at="2025-09-08T11:31:55 IST" duration-ms="181" status="PASS">
          <reporter-output>
          </reporter-output>
        </test-method> <!-- ddScreenShotAfterTest -->
        <test-method is-config="true" signature="CloseBrowser()[pri:0, instance:TestCases.TestCheckOutPage@6ea2bc93]" started-at="2025-09-08T11:31:55 IST" name="CloseBrowser" finished-at="2025-09-08T11:31:59 IST" duration-ms="4396" status="PASS">
          <reporter-output>
          </reporter-output>
        </test-method> <!-- CloseBrowser -->
      </class> <!-- TestCases.TestCheckOutPage -->
      <class name="TestCases.TestLogOutPage">
        <test-method is-config="true" signature="OpenABrowser()[pri:0, instance:TestCases.TestLogOutPage@2e32ccc5]" started-at="2025-09-08T11:30:03 IST" name="OpenABrowser" finished-at="2025-09-08T11:30:10 IST" duration-ms="6884" status="PASS">
          <reporter-output>
          </reporter-output>
        </test-method> <!-- OpenABrowser -->
        <test-method signature="LogOutAndVerify(java.lang.String,java.lang.String)[pri:0, instance:TestCases.TestLogOutPage@2e32ccc5]" started-at="2025-09-08T11:30:10 IST" name="LogOutAndVerify" data-provider="validCredentials" finished-at="2025-09-08T11:30:17 IST" duration-ms="7010" status="PASS">
          <params>
            <param index="0">
              <value>
                <![CDATA[standard_user]]>
              </value>
            </param>
            <param index="1">
              <value>
                <![CDATA[secret_sauce]]>
              </value>
            </param>
          </params>
          <reporter-output>
          </reporter-output>
        </test-method> <!-- LogOutAndVerify -->
        <test-method is-config="true" signature="ddScreenShotAfterTest()[pri:0, instance:TestCases.TestLogOutPage@2e32ccc5]" started-at="2025-09-08T11:30:17 IST" name="ddScreenShotAfterTest" finished-at="2025-09-08T11:30:17 IST" duration-ms="71" status="PASS">
          <reporter-output>
          </reporter-output>
        </test-method> <!-- ddScreenShotAfterTest -->
        <test-method is-config="true" signature="CloseBrowser()[pri:0, instance:TestCases.TestLogOutPage@2e32ccc5]" started-at="2025-09-08T11:30:17 IST" name="CloseBrowser" finished-at="2025-09-08T11:30:22 IST" duration-ms="4320" status="PASS">
          <reporter-output>
          </reporter-output>
        </test-method> <!-- CloseBrowser -->
      </class> <!-- TestCases.TestLogOutPage -->
      <class name="TestCases.TestHomePage">
        <test-method is-config="true" signature="OpenABrowser()[pri:0, instance:TestCases.TestHomePage@3116c353]" started-at="2025-09-08T11:29:32 IST" name="OpenABrowser" finished-at="2025-09-08T11:29:39 IST" duration-ms="7208" status="PASS">
          <reporter-output>
          </reporter-output>
        </test-method> <!-- OpenABrowser -->
        <test-method signature="TestPageTitle(java.lang.String,java.lang.String)[pri:0, instance:TestCases.TestHomePage@3116c353]" started-at="2025-09-08T11:29:39 IST" name="TestPageTitle" data-provider="validCredentials" finished-at="2025-09-08T11:29:42 IST" duration-ms="3318" status="PASS">
          <params>
            <param index="0">
              <value>
                <![CDATA[standard_user]]>
              </value>
            </param>
            <param index="1">
              <value>
                <![CDATA[secret_sauce]]>
              </value>
            </param>
          </params>
          <reporter-output>
          </reporter-output>
        </test-method> <!-- TestPageTitle -->
        <test-method is-config="true" signature="ddScreenShotAfterTest()[pri:0, instance:TestCases.TestHomePage@3116c353]" started-at="2025-09-08T11:29:42 IST" name="ddScreenShotAfterTest" finished-at="2025-09-08T11:29:43 IST" duration-ms="494" status="PASS">
          <reporter-output>
          </reporter-output>
        </test-method> <!-- ddScreenShotAfterTest -->
        <test-method is-config="true" signature="CloseBrowser()[pri:0, instance:TestCases.TestHomePage@3116c353]" started-at="2025-09-08T11:29:43 IST" name="CloseBrowser" finished-at="2025-09-08T11:29:48 IST" duration-ms="5016" status="PASS">
          <reporter-output>
          </reporter-output>
        </test-method> <!-- CloseBrowser -->
        <test-method is-config="true" signature="OpenABrowser()[pri:0, instance:TestCases.TestHomePage@3116c353]" started-at="2025-09-08T11:31:59 IST" name="OpenABrowser" finished-at="2025-09-08T11:32:06 IST" duration-ms="7242" status="PASS">
          <reporter-output>
          </reporter-output>
        </test-method> <!-- OpenABrowser -->
        <test-method signature="TestPageUrl(java.lang.String,java.lang.String)[pri:1, instance:TestCases.TestHomePage@3116c353]" started-at="2025-09-08T11:32:06 IST" name="TestPageUrl" data-provider="validCredentials" finished-at="2025-09-08T11:32:10 IST" duration-ms="3796" status="PASS">
          <params>
            <param index="0">
              <value>
                <![CDATA[standard_user]]>
              </value>
            </param>
            <param index="1">
              <value>
                <![CDATA[secret_sauce]]>
              </value>
            </param>
          </params>
          <reporter-output>
          </reporter-output>
        </test-method> <!-- TestPageUrl -->
        <test-method is-config="true" signature="ddScreenShotAfterTest()[pri:0, instance:TestCases.TestHomePage@3116c353]" started-at="2025-09-08T11:32:10 IST" name="ddScreenShotAfterTest" finished-at="2025-09-08T11:32:11 IST" duration-ms="352" status="PASS">
          <reporter-output>
          </reporter-output>
        </test-method> <!-- ddScreenShotAfterTest -->
        <test-method is-config="true" signature="CloseBrowser()[pri:0, instance:TestCases.TestHomePage@3116c353]" started-at="2025-09-08T11:32:11 IST" name="CloseBrowser" finished-at="2025-09-08T11:32:16 IST" duration-ms="5054" status="PASS">
          <reporter-output>
          </reporter-output>
        </test-method> <!-- CloseBrowser -->
      </class> <!-- TestCases.TestHomePage -->
      <class name="TestCases.TestLoginPage">
        <test-method is-config="true" signature="OpenABrowser()[pri:0, instance:TestCases.TestLoginPage@748741cb]" started-at="2025-09-08T11:30:22 IST" name="OpenABrowser" finished-at="2025-09-08T11:30:29 IST" duration-ms="7125" status="PASS">
          <reporter-output>
          </reporter-output>
        </test-method> <!-- OpenABrowser -->
        <test-method signature="LoginWithValidCredentials(java.lang.String,java.lang.String)[pri:0, instance:TestCases.TestLoginPage@748741cb]" started-at="2025-09-08T11:30:29 IST" name="LoginWithValidCredentials" data-provider="validCredentials" finished-at="2025-09-08T11:30:32 IST" duration-ms="3107" status="PASS">
          <params>
            <param index="0">
              <value>
                <![CDATA[standard_user]]>
              </value>
            </param>
            <param index="1">
              <value>
                <![CDATA[secret_sauce]]>
              </value>
            </param>
          </params>
          <reporter-output>
          </reporter-output>
        </test-method> <!-- LoginWithValidCredentials -->
        <test-method is-config="true" signature="ddScreenShotAfterTest()[pri:0, instance:TestCases.TestLoginPage@748741cb]" started-at="2025-09-08T11:30:32 IST" name="ddScreenShotAfterTest" finished-at="2025-09-08T11:30:33 IST" duration-ms="796" status="PASS">
          <reporter-output>
          </reporter-output>
        </test-method> <!-- ddScreenShotAfterTest -->
        <test-method is-config="true" signature="CloseBrowser()[pri:0, instance:TestCases.TestLoginPage@748741cb]" started-at="2025-09-08T11:30:33 IST" name="CloseBrowser" finished-at="2025-09-08T11:30:38 IST" duration-ms="5576" status="PASS">
          <reporter-output>
          </reporter-output>
        </test-method> <!-- CloseBrowser -->
        <test-method is-config="true" signature="OpenABrowser()[pri:0, instance:TestCases.TestLoginPage@748741cb]" started-at="2025-09-08T11:32:16 IST" name="OpenABrowser" finished-at="2025-09-08T11:32:23 IST" duration-ms="7005" status="PASS">
          <reporter-output>
          </reporter-output>
        </test-method> <!-- OpenABrowser -->
        <test-method signature="LoginWithInValidCredentials(java.lang.String,java.lang.String)[pri:1, instance:TestCases.TestLoginPage@748741cb]" started-at="2025-09-08T11:32:23 IST" name="LoginWithInValidCredentials" data-provider="inValidCredentials" finished-at="2025-09-08T11:32:26 IST" duration-ms="2873" status="PASS">
          <params>
            <param index="0">
              <value>
                <![CDATA[Nandhu_user]]>
              </value>
            </param>
            <param index="1">
              <value>
                <![CDATA[Nandhu11]]>
              </value>
            </param>
          </params>
          <reporter-output>
          </reporter-output>
        </test-method> <!-- LoginWithInValidCredentials -->
        <test-method is-config="true" signature="ddScreenShotAfterTest()[pri:0, instance:TestCases.TestLoginPage@748741cb]" started-at="2025-09-08T11:32:26 IST" name="ddScreenShotAfterTest" finished-at="2025-09-08T11:32:26 IST" duration-ms="151" status="PASS">
          <reporter-output>
          </reporter-output>
        </test-method> <!-- ddScreenShotAfterTest -->
        <test-method is-config="true" signature="CloseBrowser()[pri:0, instance:TestCases.TestLoginPage@748741cb]" started-at="2025-09-08T11:32:26 IST" name="CloseBrowser" finished-at="2025-09-08T11:32:31 IST" duration-ms="5080" status="PASS">
          <reporter-output>
          </reporter-output>
        </test-method> <!-- CloseBrowser -->
      </class> <!-- TestCases.TestLoginPage -->
    </test> <!-- C:/Kishore/Web Automation/Sauce-Demo/SauceDemoAutomationPOM/src/test/java/TestCases -->
  </suite> <!-- All Test Suite -->
</testng-results>
